<?xml version="1.0" encoding="UTF-8"?>
<!-- Generated by org.testng.reporters.JUnitReportReporter -->
<testsuite hostname="DESKTOP-008HPJU" failures="0" tests="2" name="testproject.movieinfovalidation" time="0.017" errors="0" timestamp="2022-05-18T14:37:41 IST" skipped="0">
  <testcase classname="testproject.movieinfovalidation" name="countrytest" time="0.015"/>
  <system-out/>
  <testcase classname="testproject.movieinfovalidation" name="releasedatetest" time="0.002"/>
  <system-out/>
</testsuite> <!-- testproject.movieinfovalidation -->
